[2025-04-15 12:40:47] info: 	Swagger UI available at /api-docs
[2025-04-15 12:40:47] info: 	Server running on port 3000
[2025-04-15 12:40:47] info: 	Environment: development
[2025-04-15 12:40:47] info: 	Auto-login credentials found, attempting to log in
[2025-04-15 12:40:53] info: 	GET /
[2025-04-15 12:40:53] info: 	GET / 200 - 5ms
[2025-04-15 12:40:55] info: 	GET /favicon.ico
[2025-04-15 12:40:55] warn: 	Not found: GET /favicon.ico
[2025-04-15 12:40:55] info: 	GET /favicon.ico 404 - 1ms
[2025-04-15 12:44:25] info: 	GET /
[2025-04-15 12:44:25] info: 	GET / 304 - 1ms
[2025-04-15 12:45:06] info: 	GET /
[2025-04-15 12:45:06] info: 	GET / 304 - 1ms
[2025-04-15 12:46:53] info: 	Swagger UI available at /api-docs
[2025-04-15 12:46:53] info: 	Server running on port 3000
[2025-04-15 12:46:53] info: 	Environment: development
[2025-04-15 12:46:53] info: 	Auto-login credentials found, attempting to log in
[2025-04-15 12:46:55] info: 	Swagger UI available at /api-docs
[2025-04-15 12:46:55] info: 	Server running on port 3000
[2025-04-15 12:46:55] info: 	Environment: development
[2025-04-15 12:46:55] info: 	Auto-login credentials found, attempting to log in
[2025-04-15 12:46:58] info: 	GET /
[2025-04-15 12:46:58] info: 	GET / 304 - 4ms
[2025-04-15 12:47:36] info: 	Swagger UI available at /api-docs
[2025-04-15 12:47:36] info: 	Server running on port 3000
[2025-04-15 12:47:36] info: 	Environment: development
[2025-04-15 12:47:36] info: 	Frontend UI: http://localhost:3000
[2025-04-15 12:47:36] info: 	API Docs: http://localhost:3000/api-docs
[2025-04-15 12:47:36] info: 	Auto-login credentials found, attempting to log in
[2025-04-15 12:47:44] info: 	Swagger UI available at /api-docs
[2025-04-15 12:47:44] info: 	Server running on port 3000
[2025-04-15 12:47:44] info: 	Environment: development
[2025-04-15 12:47:44] info: 	Frontend UI: http://localhost:3000
[2025-04-15 12:47:44] info: 	API Docs: http://localhost:3000/api-docs
[2025-04-15 12:47:44] info: 	Auto-login credentials found, attempting to log in
[2025-04-15 12:47:51] info: 	GET /api-docs
[2025-04-15 12:47:51] info: 	GET / 301 - 4ms
[2025-04-15 12:47:51] info: 	GET /api-docs/
[2025-04-15 12:47:51] info: 	GET / 200 - 6ms
[2025-04-15 12:47:52] info: 	GET /api-docs/swagger-ui.css
[2025-04-15 12:47:52] info: 	GET /api-docs/swagger-ui-bundle.js
[2025-04-15 12:47:52] info: 	GET /api-docs/swagger-ui-standalone-preset.js
[2025-04-15 12:47:52] info: 	GET /api-docs/swagger-ui-init.js
[2025-04-15 12:47:52] info: 	GET /swagger-ui-init.js 200 - 1ms
[2025-04-15 12:47:52] info: 	GET /swagger-ui.css 200 - 21ms
[2025-04-15 12:47:52] info: 	GET /swagger-ui-standalone-preset.js 200 - 16ms
[2025-04-15 12:47:52] info: 	GET /swagger-ui-bundle.js 200 - 33ms
[2025-04-15 12:47:52] info: 	GET /api-docs/favicon-32x32.png
[2025-04-15 12:47:52] info: 	GET /favicon-32x32.png 200 - 2ms
[2025-04-15 12:48:17] info: 	GET /images/lesserafim-logo.png
[2025-04-15 12:48:17] warn: 	Not found: GET /images/lesserafim-logo.png
[2025-04-15 12:48:17] info: 	GET /images/user-avatar.png
[2025-04-15 12:48:17] warn: 	Not found: GET /images/user-avatar.png
[2025-04-15 12:48:17] info: 	GET /images/lesserafim-logo.png 200 - 7ms
[2025-04-15 12:48:17] info: 	GET /images/user-avatar.png 200 - 6ms
[2025-04-15 12:48:17] info: 	GET /images/member-sakura.jpg
[2025-04-15 12:48:17] warn: 	Not found: GET /images/member-sakura.jpg
[2025-04-15 12:48:17] info: 	GET /images/member-kazuha.jpg
[2025-04-15 12:48:17] warn: 	Not found: GET /images/member-kazuha.jpg
[2025-04-15 12:48:17] info: 	GET /images/member-sakura.jpg 200 - 7ms
[2025-04-15 12:48:17] info: 	GET /images/member-chaewon.jpg
[2025-04-15 12:48:17] warn: 	Not found: GET /images/member-chaewon.jpg
[2025-04-15 12:48:17] info: 	GET /images/lesserafim-community.jpg
[2025-04-15 12:48:17] warn: 	Not found: GET /images/lesserafim-community.jpg
[2025-04-15 12:48:17] info: 	GET /images/member-kazuha.jpg 200 - 10ms
[2025-04-15 12:48:17] info: 	GET /images/member-chaewon.jpg 200 - 7ms
[2025-04-15 12:48:17] info: 	GET /images/lesserafim-community.jpg 200 - 7ms
[2025-04-15 12:48:35] info: 	Swagger UI available at /api-docs
[2025-04-15 12:48:35] info: 	Server running on port 3000
[2025-04-15 12:48:35] info: 	Environment: development
[2025-04-15 12:48:35] info: 	Frontend UI: http://localhost:3000
[2025-04-15 12:48:35] info: 	API Docs: http://localhost:3000/api-docs
[2025-04-15 12:48:35] info: 	Auto-login credentials found, attempting to log in
[2025-04-15 12:48:37] info: 	Swagger UI available at /api-docs
[2025-04-15 12:48:37] info: 	Server running on port 3000
[2025-04-15 12:48:37] info: 	Environment: development
[2025-04-15 12:48:37] info: 	Frontend UI: http://localhost:3000
[2025-04-15 12:48:37] info: 	API Docs: http://localhost:3000/api-docs
[2025-04-15 12:48:37] info: 	Auto-login credentials found, attempting to log in
[2025-04-15 12:48:45] info: 	Swagger UI available at /api-docs
[2025-04-15 12:48:45] info: 	Server running on port 3000
[2025-04-15 12:48:45] info: 	Environment: development
[2025-04-15 12:48:45] info: 	Frontend UI: http://localhost:3000
[2025-04-15 12:48:45] info: 	API Docs: http://localhost:3000/api-docs
[2025-04-15 12:48:45] info: 	Auto-login credentials found, attempting to log in
[2025-04-15 12:48:49] info: 	GET /images/lesserafim-logo.png
[2025-04-15 12:48:49] warn: 	Not found: GET /images/lesserafim-logo.png
[2025-04-15 12:48:49] info: 	GET /images/lesserafim-logo.png 304 - 3ms
[2025-04-15 12:48:49] info: 	GET /images/user-avatar.png
[2025-04-15 12:48:49] warn: 	Not found: GET /images/user-avatar.png
[2025-04-15 12:48:49] info: 	GET /images/user-avatar.png 304 - 2ms
[2025-04-15 12:48:49] info: 	GET /images/member-sakura.jpg
[2025-04-15 12:48:49] warn: 	Not found: GET /images/member-sakura.jpg
[2025-04-15 12:48:49] info: 	GET /images/member-sakura.jpg 304 - 4ms
[2025-04-15 12:48:49] info: 	GET /images/member-kazuha.jpg
[2025-04-15 12:48:49] warn: 	Not found: GET /images/member-kazuha.jpg
[2025-04-15 12:48:49] info: 	GET /images/member-chaewon.jpg
[2025-04-15 12:48:49] warn: 	Not found: GET /images/member-chaewon.jpg
[2025-04-15 12:48:49] info: 	GET /images/lesserafim-community.jpg
[2025-04-15 12:48:49] warn: 	Not found: GET /images/lesserafim-community.jpg
[2025-04-15 12:48:49] info: 	GET /images/member-kazuha.jpg 304 - 5ms
[2025-04-15 12:48:49] info: 	GET /images/member-chaewon.jpg 304 - 4ms
[2025-04-15 12:48:49] info: 	GET /images/lesserafim-community.jpg 304 - 4ms
[2025-04-15 12:49:16] info: 	GET /api-docs/
[2025-04-15 12:49:16] info: 	GET / 304 - 2ms
[2025-04-15 12:49:16] info: 	GET /api-docs/swagger-ui.css
[2025-04-15 12:49:16] info: 	GET /api-docs/swagger-ui-bundle.js
[2025-04-15 12:49:16] info: 	GET /swagger-ui.css 304 - 2ms
[2025-04-15 12:49:16] info: 	GET /swagger-ui-bundle.js 304 - 3ms
[2025-04-15 12:49:16] info: 	GET /api-docs/swagger-ui-standalone-preset.js
[2025-04-15 12:49:16] info: 	GET /api-docs/swagger-ui-init.js
[2025-04-15 12:49:16] info: 	GET /swagger-ui-init.js 304 - 1ms
[2025-04-15 12:49:16] info: 	GET /swagger-ui-standalone-preset.js 304 - 3ms
[2025-04-15 12:49:17] info: 	GET /api-docs/favicon-32x32.png
[2025-04-15 12:49:17] info: 	GET /favicon-32x32.png 304 - 1ms
[2025-04-15 12:50:37] info: 	Swagger UI available at /api-docs
[2025-04-15 12:50:37] info: 	Server running on port 3000
[2025-04-15 12:50:37] info: 	Environment: development
[2025-04-15 12:50:37] info: 	Frontend UI: http://localhost:3000
[2025-04-15 12:50:37] info: 	API Docs: http://localhost:3000/api-docs
[2025-04-15 12:50:37] info: 	Auto-login credentials found, attempting to log in
[2025-04-15 12:50:51] info: 	Swagger UI available at /api-docs
[2025-04-15 12:50:51] info: 	Server running on port 3000
[2025-04-15 12:50:51] info: 	Environment: development
[2025-04-15 12:50:51] info: 	Frontend UI: http://localhost:3000
[2025-04-15 12:50:51] info: 	API Docs: http://localhost:3000/api-docs
[2025-04-15 12:50:51] info: 	Auto-login credentials found, attempting to log in
[2025-04-15 12:50:55] info: 	Swagger UI available at /api-docs
[2025-04-15 12:50:55] info: 	Server running on port 3000
[2025-04-15 12:50:55] info: 	Environment: development
[2025-04-15 12:50:55] info: 	Frontend UI: http://localhost:3000
[2025-04-15 12:50:55] info: 	API Docs: http://localhost:3000/api-docs
[2025-04-15 12:50:55] info: 	Auto-login credentials found, attempting to log in
[2025-04-15 12:50:58] info: 	GET /images/lesserafim-logo.png
[2025-04-15 12:50:58] warn: 	Not found: GET /images/lesserafim-logo.png
[2025-04-15 12:50:58] info: 	GET /images/user-avatar.png
[2025-04-15 12:50:58] warn: 	Not found: GET /images/user-avatar.png
[2025-04-15 12:50:58] info: 	GET /images/lesserafim-logo.png 200 - 5ms
[2025-04-15 12:50:58] info: 	GET /images/user-avatar.png 200 - 4ms
[2025-04-15 12:50:58] info: 	GET /images/member-sakura.jpg
[2025-04-15 12:50:58] warn: 	Not found: GET /images/member-sakura.jpg
[2025-04-15 12:50:58] info: 	GET /images/member-kazuha.jpg
[2025-04-15 12:50:58] warn: 	Not found: GET /images/member-kazuha.jpg
[2025-04-15 12:50:58] info: 	GET /images/member-chaewon.jpg
[2025-04-15 12:50:58] warn: 	Not found: GET /images/member-chaewon.jpg
[2025-04-15 12:50:58] info: 	GET /images/lesserafim-community.jpg
[2025-04-15 12:50:58] warn: 	Not found: GET /images/lesserafim-community.jpg
[2025-04-15 12:50:58] info: 	GET /images/member-sakura.jpg 200 - 12ms
[2025-04-15 12:50:58] info: 	GET /images/member-kazuha.jpg 200 - 11ms
[2025-04-15 12:50:58] info: 	GET /images/member-chaewon.jpg 200 - 10ms
[2025-04-15 12:50:58] info: 	GET /images/lesserafim-community.jpg 200 - 9ms
[2025-04-15 12:50:58] info: 	GET /api/status
[2025-04-15 12:50:58] info: 	GET /status 200 - 3ms
[2025-04-15 12:52:01] info: 	Swagger UI available at /api-docs
[2025-04-15 12:52:57] info: 	Swagger UI available at /api-docs
[2025-04-15 12:52:57] info: 	Server running on port 3000
[2025-04-15 12:52:57] info: 	Environment: development
[2025-04-15 12:52:57] info: 	Frontend UI: http://localhost:3000
[2025-04-15 12:52:57] info: 	API Docs: http://localhost:3000/api-docs
[2025-04-15 12:52:57] info: 	Auto-login credentials found, attempting to log in
[2025-04-15 12:53:00] info: 	GET /
[2025-04-15 12:53:00] error: 	Unhandled error: Error: ENOENT: no such file or directory, stat 'C:\Users\kezia\Downloads\Project\WEVERSE API\public\index.html'
[2025-04-15 12:53:00] info: 	GET / 500 - 6ms
[2025-04-15 12:56:39] info: 	Swagger UI available at /api-docs
[2025-04-15 12:56:39] info: 	Server running on port 3000
[2025-04-15 12:56:39] info: 	Environment: development
[2025-04-15 12:56:39] info: 	API Documentation: http://localhost:3000/api-docs
[2025-04-15 12:56:39] info: 	Auto-login credentials found, attempting to log in
[2025-04-15 12:56:44] info: 	GET /
[2025-04-15 12:56:44] info: 	GET / 200 - 4ms
[2025-04-15 12:57:21] info: 	Swagger UI available at /api-docs
[2025-04-15 12:57:21] info: 	Server running on port 3000
[2025-04-15 12:57:21] info: 	Environment: development
[2025-04-15 12:57:21] info: 	API Documentation: http://localhost:3000/api-docs
[2025-04-15 12:57:21] info: 	Auto-login credentials found, attempting to log in
[2025-04-15 12:57:40] info: 	Swagger UI available at /api-docs
[2025-04-15 12:57:40] info: 	Server running on port 3000
[2025-04-15 12:57:40] info: 	Environment: development
[2025-04-15 12:57:40] info: 	API Documentation: http://localhost:3000/api-docs
[2025-04-15 12:57:40] info: 	Auto-login credentials found, attempting to log in
[2025-04-15 12:58:02] info: 	GET /
[2025-04-15 12:58:02] info: 	GET / 304 - 5ms
[2025-04-15 13:00:01] info: 	Swagger UI available at /api-docs
[2025-04-15 13:00:01] info: 	Server running on port 3000
[2025-04-15 13:00:01] info: 	Environment: development
[2025-04-15 13:00:01] info: 	API Documentation: http://localhost:3000/api-docs
[2025-04-15 13:00:01] info: 	Auto-login credentials found, attempting to log in
[2025-04-15 13:02:47] warn: 	No credentials found in .env file
[2025-04-15 13:02:47] info: 	Swagger UI available at /api-docs
[2025-04-15 13:02:47] info: 	Server running on port 3000
[2025-04-15 13:02:47] info: 	Environment: development
[2025-04-15 13:02:47] info: 	API Documentation: http://localhost:3000/api-docs
[2025-04-15 13:02:47] info: 	Auto-login credentials found, attempting to log in
[2025-04-15 13:06:12] warn: 	No credentials found in .env file
[2025-04-15 13:06:12] info: 	Swagger UI available at /api-docs
[2025-04-15 13:06:12] info: 	Server running on port 3000
[2025-04-15 13:06:12] info: 	Environment: development
[2025-04-15 13:06:12] info: 	API Documentation: http://localhost:3000/api-docs
[2025-04-15 13:06:12] info: 	Auto-login credentials found, attempting to log in
[2025-04-15 13:06:29] warn: 	No credentials found in .env file
[2025-04-15 13:06:29] info: 	Swagger UI available at /api-docs
[2025-04-15 13:06:29] info: 	Server running on port 3000
[2025-04-15 13:06:29] info: 	Environment: development
[2025-04-15 13:06:29] info: 	API Documentation: http://localhost:3000/api-docs
[2025-04-15 13:06:29] info: 	Auto-login credentials found, attempting to log in
[2025-04-15 13:06:33] info: 	GET /
[2025-04-15 13:06:33] info: 	GET / 200 - 4ms
[2025-04-15 13:08:22] warn: 	No credentials found in .env file
[2025-04-15 13:08:22] info: 	Swagger UI available at /api-docs
[2025-04-15 13:08:22] info: 	Server running on port 3000
[2025-04-15 13:08:22] info: 	Environment: development
[2025-04-15 13:08:22] info: 	API Documentation: http://localhost:3000/api-docs
[2025-04-15 13:08:22] info: 	Auto-login credentials found, attempting to log in
[2025-04-15 13:09:06] warn: 	No credentials found in .env file
[2025-04-15 13:09:06] debug: 	Environment variables available: ALLUSERSPROFILE, APPDATA, CHROME_CRASHPAD_PIPE_NAME, CommonProgramFiles, CommonProgramFiles(x86), CommonProgramW6432, COMPUTERNAME, ComSpec, configsetroot, CURSOR_TRACE_ID, DriverData, EFC_9592, FPS_BROWSER_APP_PROFILE_STRING, FPS_BROWSER_USER_PROFILE_STRING, GOPATH, HOMEDRIVE, HOMEPATH, LOCALAPPDATA, LOGONSERVER, NUMBER_OF_PROCESSORS, OneDrive, OneDriveConsumer, ORIGINAL_XDG_CURRENT_DESKTOP, OS, Path, PATHEXT, PROCESSOR_ARCHITECTURE, PROCESSOR_IDENTIFIER, PROCESSOR_LEVEL, PROCESSOR_REVISION, ProgramData, ProgramFiles, ProgramFiles(x86), ProgramW6432, PSModulePath, PUBLIC, RELOADEDIIMODS, SESSIONNAME, SystemDrive, SystemRoot, TEMP, TMP, USERDOMAIN, USERDOMAIN_ROAMINGPROFILE, USERNAME, USERPROFILE, VBOX_MSI_INSTALL_PATH, windir, ZES_ENABLE_SYSMAN, TERM_PROGRAM, TERM_PROGRAM_VERSION, LANG, COLORTERM, GIT_ASKPASS, VSCODE_GIT_ASKPASS_NODE, VSCODE_GIT_ASKPASS_EXTRA_ARGS, VSCODE_GIT_ASKPASS_MAIN, VSCODE_GIT_IPC_HANDLE, VSCODE_INJECTION
[2025-04-15 13:09:06] info: 	Swagger UI available at /api-docs
[2025-04-15 13:09:06] info: 	Server running on port 3000
[2025-04-15 13:09:06] info: 	Environment: development
[2025-04-15 13:09:06] info: 	API Documentation: http://localhost:3000/api-docs
[2025-04-15 13:09:06] info: 	Auto-login credentials found, attempting to log in
[2025-04-15 13:09:25] info: 	GET /
[2025-04-15 13:09:25] info: 	GET / 304 - 4ms
[2025-04-15 13:10:51] warn: 	No credentials found in .env file
[2025-04-15 13:10:51] debug: 	Environment variables available: ALLUSERSPROFILE, APPDATA, CHROME_CRASHPAD_PIPE_NAME, CommonProgramFiles, CommonProgramFiles(x86), CommonProgramW6432, COMPUTERNAME, ComSpec, configsetroot, CURSOR_TRACE_ID, DriverData, EFC_9592, FPS_BROWSER_APP_PROFILE_STRING, FPS_BROWSER_USER_PROFILE_STRING, GOPATH, HOMEDRIVE, HOMEPATH, LOCALAPPDATA, LOGONSERVER, NUMBER_OF_PROCESSORS, OneDrive, OneDriveConsumer, ORIGINAL_XDG_CURRENT_DESKTOP, OS, Path, PATHEXT, PROCESSOR_ARCHITECTURE, PROCESSOR_IDENTIFIER, PROCESSOR_LEVEL, PROCESSOR_REVISION, ProgramData, ProgramFiles, ProgramFiles(x86), ProgramW6432, PSModulePath, PUBLIC, RELOADEDIIMODS, SESSIONNAME, SystemDrive, SystemRoot, TEMP, TMP, USERDOMAIN, USERDOMAIN_ROAMINGPROFILE, USERNAME, USERPROFILE, VBOX_MSI_INSTALL_PATH, windir, ZES_ENABLE_SYSMAN, TERM_PROGRAM, TERM_PROGRAM_VERSION, LANG, COLORTERM, GIT_ASKPASS, VSCODE_GIT_ASKPASS_NODE, VSCODE_GIT_ASKPASS_EXTRA_ARGS, VSCODE_GIT_ASKPASS_MAIN, VSCODE_GIT_IPC_HANDLE, VSCODE_INJECTION
[2025-04-15 13:10:51] info: 	Swagger UI available at /api-docs
[2025-04-15 13:10:51] info: 	Server running on port 3001
[2025-04-15 13:10:51] info: 	Environment: development
[2025-04-15 13:10:51] info: 	API Documentation: http://localhost:3001/api-docs
[2025-04-15 13:10:51] info: 	Auto-login credentials found, attempting to log in
[2025-04-15 13:11:20] warn: 	No credentials found in .env file
[2025-04-15 13:11:20] debug: 	Environment variables available: ALLUSERSPROFILE, APPDATA, CHROME_CRASHPAD_PIPE_NAME, COLOR, COLORTERM, CommonProgramFiles, CommonProgramFiles(x86), CommonProgramW6432, COMPUTERNAME, ComSpec, configsetroot, CURSOR_TRACE_ID, DriverData, EDITOR, EFC_9592, FPS_BROWSER_APP_PROFILE_STRING, FPS_BROWSER_USER_PROFILE_STRING, GIT_ASKPASS, GOPATH, HOME, HOMEDRIVE, HOMEPATH, INIT_CWD, LANG, LOCALAPPDATA, LOGONSERVER, NODE, npm_command, npm_config_cache, npm_config_globalconfig, npm_config_global_prefix, npm_config_init_module, npm_config_local_prefix, npm_config_node_gyp, npm_config_noproxy, npm_config_npm_version, npm_config_prefix, npm_config_userconfig, npm_config_user_agent, npm_execpath, npm_lifecycle_event, npm_lifecycle_script, npm_node_execpath, npm_package_json, npm_package_name, npm_package_version, NUMBER_OF_PROCESSORS, OneDrive, OneDriveConsumer, ORIGINAL_XDG_CURRENT_DESKTOP, OS, Path, PATHEXT, PROCESSOR_ARCHITECTURE, PROCESSOR_IDENTIFIER, PROCESSOR_LEVEL, PROCESSOR_REVISION, ProgramData, ProgramFiles, ProgramFiles(x86), ProgramW6432, PROMPT, PSModulePath, PUBLIC, RELOADEDIIMODS, SESSIONNAME, SystemDrive, SystemRoot, TEMP, TERM_PROGRAM, TERM_PROGRAM_VERSION, TMP, USERDOMAIN, USERDOMAIN_ROAMINGPROFILE, USERNAME, USERPROFILE, VBOX_MSI_INSTALL_PATH, VSCODE_GIT_ASKPASS_EXTRA_ARGS, VSCODE_GIT_ASKPASS_MAIN, VSCODE_GIT_ASKPASS_NODE, VSCODE_GIT_IPC_HANDLE, VSCODE_INJECTION, windir, ZES_ENABLE_SYSMAN
[2025-04-15 13:11:20] info: 	Swagger UI available at /api-docs
[2025-04-15 13:11:20] info: 	Server running on port 3001
[2025-04-15 13:11:20] info: 	Environment: development
[2025-04-15 13:11:20] info: 	API Documentation: http://localhost:3001/api-docs
[2025-04-15 13:11:20] info: 	Auto-login credentials found, attempting to log in
[2025-04-15 13:13:57] info: 	Credentials found in environment variables
[2025-04-15 13:13:57] debug: 	WEVERSE_EMAIL loaded from .env: stokmlpipzstore01@gmail.com
[2025-04-15 13:13:57] info: 	Auto-login with email: stokmlpipzstore01@gmail.com
[2025-04-15 13:13:57] debug: 	Credentials from .env: stokmlpipzstore01@gmail.com, password length: 9
[2025-04-15 13:13:57] info: 	Attempting to login with email: stokmlpipzstore01@gmail.com
[2025-04-15 13:13:57] debug: 	Initializing login process...
[2025-04-15 13:13:57] info: 	Swagger UI available at /api-docs
[2025-04-15 13:13:57] info: 	Server running on port 3001
[2025-04-15 13:13:57] info: 	Environment: development
[2025-04-15 13:13:57] info: 	API Documentation: http://localhost:3001/api-docs
[2025-04-15 13:13:57] info: 	Auto-login credentials found, attempting to log in
[2025-04-15 13:13:57] debug: 	Request to https://account.weverse.io/auth/web/login/initialize: {}
[2025-04-15 13:13:57] debug: 	Request headers: {"Accept":"application/json, text/plain, */*","Content-Type":"application/json","User-Agent":"Mozilla/5.0 (Windows NT 10.0; Win64; x64) AppleWebKit/537.36 (KHTML, like Gecko) Chrome/115.0.0.0 Safari/537.36","Accept-Language":"en-US,en;q=0.9","Origin":"https://weverse.io","Referer":"https://weverse.io/"}
[2025-04-15 13:13:58] error: 	API Error: 404 - "<!DOCTYPE html><html lang=\"default\"><head><title>Weverse Account</title><meta charSet=\"utf-8\"/><meta http-equiv=\"X-UA-Compatible\" content=\"IE=edge\"/><meta name=\"viewport\" content=\"width=device-width, initial-scale=1, maximum-scale=1, user-scalable=0\"/><link rel=\"icon\" href=\"/favicon.ico\"/><link rel=\"apple-touch-icon\" href=\"/weverse_touchicon.png\"/><script type=\"text/javascript\" src=\"https://appleid.cdn-apple.com/appleauth/static/jsapi/appleid/1/en_US/appleid.auth.js\"></script><link href=\"https://static.weverse.io/font/1.0.0/merged-dynamic.css\" rel=\"stylesheet\"/><meta name=\"next-head-count\" content=\"9\"/><link rel=\"preload\" href=\"/_next/static/css/6b9b71c8a89452cd.css\" as=\"style\"/><link rel=\"stylesheet\" href=\"/_next/static/css/6b9b71c8a89452cd.css\" data-n-g=\"\"/><noscript data-n-css=\"\"></noscript><script defer=\"\" nomodule=\"\" src=\"/_next/static/chunks/polyfills-c67a75d1b6f99dc8.js\"></script><script src=\"/_next/static/chunks/webpack-b5b733ebf43779d6.js\" defer=\"\"></script><script src=\"/_next/static/chunks/framework-ef2e380aaaad6a23.js\" defer=\"\"></script><script src=\"/_next/static/chunks/main-d27ac32d59bfa5a8.js\" defer=\"\"></script><script src=\"/_next/static/chunks/pages/_app-71f35e65c105ef6b.js\" defer=\"\"></script><script src=\"/_next/static/chunks/pages/404-bbb1bb09d5e8202b.js\" defer=\"\"></script><script src=\"/_next/static/W24Py_dJMlkuEFmX0Whyz/_buildManifest.js\" defer=\"\"></script><script src=\"/_next/static/W24Py_dJMlkuEFmX0Whyz/_ssgManifest.js\" defer=\"\"></script><style data-styled=\"\" data-styled-version=\"5.3.5\">html{height:100%;font-size:10px;}/*!sc*/\nhtml[lang=ko] body{font-family:\"Pretendard\",-apple-system,BlinkMacSystemFont,\"Malgun Gothic\",\"맑은 고딕\",Helvetica,Arial,sans-serif;}/*!sc*/\nhtml[lang=en] body{font-family:\"Pretendard\",-apple-system,BlinkMacSystemFont,\"Malgun Gothic\",\"맑은 고딕\",Helvetica,Arial,sans-serif;}/*!sc*/\nhtml[lang=es] body{font-family:\"Pretendard\",-apple-system,BlinkMacSystemFont,\"Malgun Gothic\",\"맑은 고딕\",Helvetica,Arial,sans-serif;}/*!sc*/\nhtml[lang=ja] body{font-family:\"Noto Sans JP\",\"Hiragino Sans\",Meiryo,sans-serif;}/*!sc*/\nhtml[lang=zh-cn] body{font-family:PingFangSC,\"Hiragino Sans GB\",\"Microsoft YaHei\",\"WenQuanYi Micro Hei\";}/*!sc*/\nhtml[lang=zh-tw] body{font-family:\"SF Pro TC\",PingFangTC,\"Heiti TC\",\"Microsoft JhengHei UI\";}/*!sc*/\nbody{color:#202429;font-family:\"Pretendard\",-apple-system,BlinkMacSystemFont,\"Malgun Gothic\",\"맑은 고딕\",Helvetica,Arial,sans-serif;font-size:1.4rem;font-weight:normal;font-style:normal;font-stretch:normal;line-height:1.4;-webkit-letter-spacing:normal;-moz-letter-spacing:normal;-ms-letter-spacing:normal;letter-spacing:normal;width:100%;height:100%;background-color:#F7F7FA;}/*!sc*/\nbody #root{width:100%;}/*!sc*/\nbody #__next{height:100%;}/*!sc*/\na{color:inherit;-webkit-text-decoration:none;text-decoration:none;}/*!sc*/\ninput,textarea{-webkit-appearance:none;-moz-appearance:none;appearance:none;}/*!sc*/\nul,ol,li{list-style:none;}/*!sc*/\n.blind{position:absolute;width:1px;height:1px;overflow:hidden;-webkit-clip:rect(0,0,0,0);clip:rect(0,0,0,0);}/*!sc*/\ndata-styled.g54[id=\"sc-global-keNuDm1\"]{content:\"sc-global-keNuDm1,\"}/*!sc*/\n</style></head><body><div id=\"__next\"></div><script id=\"__NEXT_DATA__\" type=\"application/json\">{\"props\":{\"pageProps\":{\"__lang\":\"default\"},\"__N_SSG\":true},\"page\":\"/404\",\"query\":{},\"buildId\":\"W24Py_dJMlkuEFmX0Whyz\",\"runtimeConfig\":{},\"isFallback\":false,\"gsp\":true,\"locale\":\"default\",\"locales\":[\"default\",\"en\",\"ko\",\"ja\",\"zh-CN\",\"zh-TW\",\"es\"],\"defaultLocale\":\"default\",\"scriptLoader\":[]}</script></body></html>"
[2025-04-15 13:13:58] error: 	Error response headers: {"content-type":"text/html","transfer-encoding":"chunked","connection":"keep-alive","date":"Tue, 15 Apr 2025 06:14:04 GMT","last-modified":"Thu, 03 Apr 2025 05:38:34 GMT","etag":"W/\"df33fa4ea58a6181eb0a81b6880b918d\"","x-amz-server-side-encryption":"AES256","cache-control":"public, max-age=0, s-maxage=2678400, must-revalidate","server":"AmazonS3","vary":"Accept-Encoding","x-cache":"Error from cloudfront","via":"1.1 78ffd64f74b6fee6e21c1f2c6d332e6a.cloudfront.net (CloudFront)","x-amz-cf-pop":"CGK51-P4","x-amz-cf-id":"CvpzV-XYj0v24_IFTFekZnOy4bfc1BWUOHC19-2Fc88OcB1Wxfz9QA=="}
[2025-04-15 13:13:58] error: 	Login failed: Request failed with status code 404
[2025-04-15 13:13:58] error: 	Error response: "<!DOCTYPE html><html lang=\"default\"><head><title>Weverse Account</title><meta charSet=\"utf-8\"/><meta http-equiv=\"X-UA-Compatible\" content=\"IE=edge\"/><meta name=\"viewport\" content=\"width=device-width, initial-scale=1, maximum-scale=1, user-scalable=0\"/><link rel=\"icon\" href=\"/favicon.ico\"/><link rel=\"apple-touch-icon\" href=\"/weverse_touchicon.png\"/><script type=\"text/javascript\" src=\"https://appleid.cdn-apple.com/appleauth/static/jsapi/appleid/1/en_US/appleid.auth.js\"></script><link href=\"https://static.weverse.io/font/1.0.0/merged-dynamic.css\" rel=\"stylesheet\"/><meta name=\"next-head-count\" content=\"9\"/><link rel=\"preload\" href=\"/_next/static/css/6b9b71c8a89452cd.css\" as=\"style\"/><link rel=\"stylesheet\" href=\"/_next/static/css/6b9b71c8a89452cd.css\" data-n-g=\"\"/><noscript data-n-css=\"\"></noscript><script defer=\"\" nomodule=\"\" src=\"/_next/static/chunks/polyfills-c67a75d1b6f99dc8.js\"></script><script src=\"/_next/static/chunks/webpack-b5b733ebf43779d6.js\" defer=\"\"></script><script src=\"/_next/static/chunks/framework-ef2e380aaaad6a23.js\" defer=\"\"></script><script src=\"/_next/static/chunks/main-d27ac32d59bfa5a8.js\" defer=\"\"></script><script src=\"/_next/static/chunks/pages/_app-71f35e65c105ef6b.js\" defer=\"\"></script><script src=\"/_next/static/chunks/pages/404-bbb1bb09d5e8202b.js\" defer=\"\"></script><script src=\"/_next/static/W24Py_dJMlkuEFmX0Whyz/_buildManifest.js\" defer=\"\"></script><script src=\"/_next/static/W24Py_dJMlkuEFmX0Whyz/_ssgManifest.js\" defer=\"\"></script><style data-styled=\"\" data-styled-version=\"5.3.5\">html{height:100%;font-size:10px;}/*!sc*/\nhtml[lang=ko] body{font-family:\"Pretendard\",-apple-system,BlinkMacSystemFont,\"Malgun Gothic\",\"맑은 고딕\",Helvetica,Arial,sans-serif;}/*!sc*/\nhtml[lang=en] body{font-family:\"Pretendard\",-apple-system,BlinkMacSystemFont,\"Malgun Gothic\",\"맑은 고딕\",Helvetica,Arial,sans-serif;}/*!sc*/\nhtml[lang=es] body{font-family:\"Pretendard\",-apple-system,BlinkMacSystemFont,\"Malgun Gothic\",\"맑은 고딕\",Helvetica,Arial,sans-serif;}/*!sc*/\nhtml[lang=ja] body{font-family:\"Noto Sans JP\",\"Hiragino Sans\",Meiryo,sans-serif;}/*!sc*/\nhtml[lang=zh-cn] body{font-family:PingFangSC,\"Hiragino Sans GB\",\"Microsoft YaHei\",\"WenQuanYi Micro Hei\";}/*!sc*/\nhtml[lang=zh-tw] body{font-family:\"SF Pro TC\",PingFangTC,\"Heiti TC\",\"Microsoft JhengHei UI\";}/*!sc*/\nbody{color:#202429;font-family:\"Pretendard\",-apple-system,BlinkMacSystemFont,\"Malgun Gothic\",\"맑은 고딕\",Helvetica,Arial,sans-serif;font-size:1.4rem;font-weight:normal;font-style:normal;font-stretch:normal;line-height:1.4;-webkit-letter-spacing:normal;-moz-letter-spacing:normal;-ms-letter-spacing:normal;letter-spacing:normal;width:100%;height:100%;background-color:#F7F7FA;}/*!sc*/\nbody #root{width:100%;}/*!sc*/\nbody #__next{height:100%;}/*!sc*/\na{color:inherit;-webkit-text-decoration:none;text-decoration:none;}/*!sc*/\ninput,textarea{-webkit-appearance:none;-moz-appearance:none;appearance:none;}/*!sc*/\nul,ol,li{list-style:none;}/*!sc*/\n.blind{position:absolute;width:1px;height:1px;overflow:hidden;-webkit-clip:rect(0,0,0,0);clip:rect(0,0,0,0);}/*!sc*/\ndata-styled.g54[id=\"sc-global-keNuDm1\"]{content:\"sc-global-keNuDm1,\"}/*!sc*/\n</style></head><body><div id=\"__next\"></div><script id=\"__NEXT_DATA__\" type=\"application/json\">{\"props\":{\"pageProps\":{\"__lang\":\"default\"},\"__N_SSG\":true},\"page\":\"/404\",\"query\":{},\"buildId\":\"W24Py_dJMlkuEFmX0Whyz\",\"runtimeConfig\":{},\"isFallback\":false,\"gsp\":true,\"locale\":\"default\",\"locales\":[\"default\",\"en\",\"ko\",\"ja\",\"zh-CN\",\"zh-TW\",\"es\"],\"defaultLocale\":\"default\",\"scriptLoader\":[]}</script></body></html>"
[2025-04-15 13:13:58] error: 	Error response status: 404
[2025-04-15 13:13:58] error: 	Error response headers: {"content-type":"text/html","transfer-encoding":"chunked","connection":"keep-alive","date":"Tue, 15 Apr 2025 06:14:04 GMT","last-modified":"Thu, 03 Apr 2025 05:38:34 GMT","etag":"W/\"df33fa4ea58a6181eb0a81b6880b918d\"","x-amz-server-side-encryption":"AES256","cache-control":"public, max-age=0, s-maxage=2678400, must-revalidate","server":"AmazonS3","vary":"Accept-Encoding","x-cache":"Error from cloudfront","via":"1.1 78ffd64f74b6fee6e21c1f2c6d332e6a.cloudfront.net (CloudFront)","x-amz-cf-pop":"CGK51-P4","x-amz-cf-id":"CvpzV-XYj0v24_IFTFekZnOy4bfc1BWUOHC19-2Fc88OcB1Wxfz9QA=="}
[2025-04-15 13:13:58] error: 	Auto-login failed
[2025-04-15 13:17:12] info: 	Credentials found in environment variables
[2025-04-15 13:17:12] debug: 	WEVERSE_EMAIL loaded from .env: stokmlpipzstore01@gmail.com
[2025-04-15 13:17:12] info: 	Auto-login with email: stokmlpipzstore01@gmail.com
[2025-04-15 13:17:12] debug: 	Credentials from .env: stokmlpipzstore01@gmail.com, password length: 9
[2025-04-15 13:17:12] info: 	Attempting to login with email: stokmlpipzstore01@gmail.com
[2025-04-15 13:17:12] debug: 	Initializing login process...
[2025-04-15 13:17:12] info: 	Swagger UI available at /api-docs
[2025-04-15 13:17:12] info: 	Server running on port 3001
[2025-04-15 13:17:12] info: 	Environment: development
[2025-04-15 13:17:12] info: 	API Documentation: http://localhost:3001/api-docs
[2025-04-15 13:17:12] info: 	Auto-login credentials found, attempting to log in
[2025-04-15 13:17:12] error: 	Login failed: Request failed with status code 404
[2025-04-15 13:17:12] error: 	Error response: "<!doctype html><html lang=\"en\"><head><title>HTTP Status 404 – Not Found</title><style type=\"text/css\">body {font-family:Tahoma,Arial,sans-serif;} h1, h2, h3, b {color:white;background-color:#525D76;} h1 {font-size:22px;} h2 {font-size:16px;} h3 {font-size:14px;} p {font-size:12px;} a {color:black;} .line {height:1px;background-color:#525D76;border:none;}</style></head><body><h1>HTTP Status 404 – Not Found</h1></body></html>"
[2025-04-15 13:17:12] error: 	Error response status: 404
[2025-04-15 13:17:12] error: 	Error response headers: {"content-type":"text/html;charset=utf-8","content-length":"431","connection":"keep-alive","date":"Tue, 15 Apr 2025 06:17:17 GMT","content-language":"en","vary":"Origin, Access-Control-Request-Method, Access-Control-Request-Headers","access-control-allow-origin":"https://weverse.io","access-control-allow-credentials":"true","x-cache":"Error from cloudfront","via":"1.1 0e421e62608132d4130093eea317e2da.cloudfront.net (CloudFront)","x-amz-cf-pop":"CGK51-P4","x-amz-cf-id":"W1jkhUW45DmyXuShz0jvZhpEI9otRF8uj2Q69ofLqcyCQ4xOuTJmlw=="}
[2025-04-15 13:17:12] error: 	Auto-login failed
[2025-04-15 13:19:50] debug: 	WEVERSE_EMAIL loaded from .env: stokmlpipzstore01@gmail.com
[2025-04-15 13:19:50] info: 	Auto-login with email: stokmlpipzstore01@gmail.com
[2025-04-15 13:19:50] debug: 	Credentials from .env: stokmlpipzstore01@gmail.com, password length: 9
[2025-04-15 13:19:50] info: 	Attempting to login with email: stokmlpipzstore01@gmail.com
[2025-04-15 13:19:50] debug: 	Initializing login process...
[2025-04-15 13:19:50] debug: 	Auth config response: {"error_code":"051","message":"web/api/v2/auth/login/initialize : API does not exist. (존재하지 않는 API입니다.)"}
[2025-04-15 13:19:50] debug: 	Got auth config - nonce: undefined, challenge: undefined
[2025-04-15 13:19:50] debug: 	Submitting credentials...
[2025-04-15 13:19:50] debug: 	Login response status: 200
[2025-04-15 13:19:50] debug: 	Login response data: {"error_code":"051","message":"web/api/v2/auth/login/credentials : API does not exist. (존재하지 않는 API입니다.)"}
[2025-04-15 13:19:50] error: 	Login failed: web/api/v2/auth/login/credentials : API does not exist. (존재하지 않는 API입니다.)
[2025-04-15 13:19:50] error: 	Auto-login failed
[2025-04-15 13:29:58] debug: 	WEVERSE_EMAIL loaded from .env: stokmlpipzstore01@gmail.com
[2025-04-15 13:29:58] info: 	Auto-login with email: stokmlpipzstore01@gmail.com
[2025-04-15 13:29:58] debug: 	Credentials from .env: stokmlpipzstore01@gmail.com, password length: 9
[2025-04-15 13:29:58] info: 	Attempting to login with email: stokmlpipzstore01@gmail.com
[2025-04-15 13:29:58] debug: 	Initializing login process...
[2025-04-15 13:29:59] error: 	Login failed: Request failed with status code 404
[2025-04-15 13:29:59] error: 	Error response: {}
[2025-04-15 13:29:59] error: 	Error response status: 404
[2025-04-15 13:29:59] error: 	Error response headers: {"server":"awselb/2.0","date":"Tue, 15 Apr 2025 06:30:04 GMT","content-type":"text/plain; charset=utf-8","content-length":"0","connection":"keep-alive"}
[2025-04-15 13:29:59] error: 	Auto-login failed
[2025-04-15 13:31:21] debug: 	WEVERSE_EMAIL loaded from .env: stokmlpipzstore01@gmail.com
[2025-04-15 13:31:21] info: 	Auto-login with email: stokmlpipzstore01@gmail.com
[2025-04-15 13:31:21] debug: 	Credentials from .env: stokmlpipzstore01@gmail.com, password length: 9
[2025-04-15 13:31:21] info: 	Attempting to login with email: stokmlpipzstore01@gmail.com
[2025-04-15 13:31:21] debug: 	Initializing login process...
[2025-04-15 13:31:21] debug: 	Auth config response: "<!doctype html><html><head><meta charset=\"utf-8\"/><meta name=\"viewport\" content=\"width=device-width,initial-scale=1\"/><meta name=\"theme-color\" content=\"#fff\"/><meta name=\"title\" content=\"Global Fandom Platform - Weverse\"/><meta name=\"description\" content=\"Enjoy every moment with artists on global fandom life platform Weverse.\"/><meta name=\"robots\" content=\"max-snippet:-1, max-image-preview:large, max-video-preview:-1\"/><meta property=\"og:type\" content=\"website\"/><meta property=\"og:title\" content=\"Global Fandom Platform - Weverse\"/><meta property=\"og:url\" content=\"https://weverse.io\"/><meta property=\"og:image\" content=\"https://ssl.pstatic.net/static/wevweb/assets/seo/weverse_bi.png?type=w1414\"/><meta property=\"og:description\" content=\"Enjoy every moment with artists on global fandom life platform Weverse.\"/><link rel=\"preconnect\" href=\"https://cdn-v2pstatic.weverse.io/wev_web_fe/p/2_33_5/public\"/><link rel=\"preload\" fetchpriority=\"high\" href=\"https://cdn-v2pstatic.weverse.io/wev_web_fe/assets/fonts/pretendard/woff2-subset/Pretendard-Black.subset.woff2\" as=\"font\" type=\"font/woff2\" crossorigin=\"anonymous\"/><link rel=\"preload\" fetchpriority=\"high\" href=\"https://cdn-v2pstatic.weverse.io/wev_web_fe/assets/fonts/pretendard/woff2-subset/Pretendard-Bold.subset.woff2\" as=\"font\" type=\"font/woff2\" crossorigin=\"anonymous\"/><link rel=\"preload\" fetchpriority=\"high\" href=\"https://cdn-v2pstatic.weverse.io/wev_web_fe/assets/fonts/pretendard/woff2-subset/Pretendard-Medium.subset.woff2\" as=\"font\" type=\"font/woff2\" crossorigin=\"anonymous\"/><link rel=\"preload\" fetchpriority=\"high\" href=\"https://cdn-v2pstatic.weverse.io/wev_web_fe/assets/fonts/pretendard/woff2-subset/Pretendard-Regular.subset.woff2\" as=\"font\" type=\"font/woff2\" crossorigin=\"anonymous\"/><link rel=\"icon\" fetchpriority=\"low\" href=\"https://cdn-v2pstatic.weverse.io/wev_web_fe/assets/3_0_0/icons/favicon.ico\"/><link rel=\"apple-touch-icon\" fetchpriority=\"low\" href=\"https://cdn-v2pstatic.weverse.io/wev_web_fe/assets/3_0_0/icons/logo192.png\"/><link rel=\"manifest\" fetchpriority=\"low\" href=\"https://cdn-v2pstatic.weverse.io/wev_web_fe/p/2_33_5/public/manifest.json\"/><link rel=\"canonical\" href=\"https://weverse.io\"/><link rel=\"alternate\" hreflang=\"x-default\" href=\"https://weverse.io\"/><link rel=\"alternate\" hreflang=\"en\" href=\"https://weverse.io\"/><link rel=\"alternate\" hreflang=\"ko\" href=\"https://weverse.io?hl=ko\"/><link rel=\"alternate\" hreflang=\"ja\" href=\"https://weverse.io?hl=ja\"/><link rel=\"alternate\" hreflang=\"zh-cn\" href=\"https://weverse.io?hl=zh-cn\"/><link rel=\"alternate\" hreflang=\"es\" href=\"https://weverse.io?hl=es\"/><link rel=\"alternate\" href=\"android-app://co.benx.weverse\"/><link rel=\"alternate\" href=\"ios-app://1456559188\"/><script src=\"https://web-account-sdk.weverse.io/v1/web_account_sdk.min.js\"></script><title>Global Fandom Platform - Weverse</title><script defer=\"defer\" src=\"https://cdn-v2pstatic.weverse.io/wev_web_fe/p/2_33_5/public/static/js/main.23cd2566.js\"></script><link href=\"https://cdn-v2pstatic.weverse.io/wev_web_fe/p/2_33_5/public/static/css/main.9d86b0f6.css\" rel=\"stylesheet\"></head><body><div id=\"root\"></div></body></html>"
[2025-04-15 13:31:21] debug: 	Got auth config - nonce: undefined, challenge: undefined
[2025-04-15 13:31:21] debug: 	Submitting credentials...
[2025-04-15 13:31:22] error: 	Login failed: Request failed with status code 405
[2025-04-15 13:31:22] error: 	Error response: "<html>\r\n<head><title>405 Not Allowed</title></head>\r\n<body>\r\n<center><h1>405 Not Allowed</h1></center>\r\n<hr><center>nginx</center>\r\n</body>\r\n</html>\r\n<!-- a padding to disable MSIE and Chrome friendly error page -->\r\n<!-- a padding to disable MSIE and Chrome friendly error page -->\r\n<!-- a padding to disable MSIE and Chrome friendly error page -->\r\n<!-- a padding to disable MSIE and Chrome friendly error page -->\r\n<!-- a padding to disable MSIE and Chrome friendly error page -->\r\n<!-- a padding to disable MSIE and Chrome friendly error page -->\r\n"
[2025-04-15 13:31:22] error: 	Error response status: 405
[2025-04-15 13:31:22] error: 	Error response headers: {"server":"nginx","date":"Tue, 15 Apr 2025 06:31:27 GMT","content-type":"text/html","content-length":"552","connection":"close"}
[2025-04-15 13:31:22] error: 	Auto-login failed
[2025-04-15 13:33:30] debug: 	WEVERSE_EMAIL loaded from .env: stokmlpipzstore01@gmail.com
[2025-04-15 13:33:30] info: 	Auto-login with email: stokmlpipzstore01@gmail.com
[2025-04-15 13:33:30] debug: 	Credentials from .env: stokmlpipzstore01@gmail.com, password length: 9
[2025-04-15 13:33:30] info: 	Attempting to login with email: stokmlpipzstore01@gmail.com
[2025-04-15 13:33:30] debug: 	Encrypting password with RSA public key
[2025-04-15 13:33:30] debug: 	Requesting OAuth token
[2025-04-15 13:33:30] error: 	Login failed: Request failed with status code 400
[2025-04-15 13:33:30] error: 	Error response: {"timestamp":1744698815865,"code":-10004,"message":"Incorrect API usage."}
[2025-04-15 13:33:30] error: 	Error response status: 400
[2025-04-15 13:33:30] error: 	Error response headers: {"content-type":"application/json","transfer-encoding":"chunked","connection":"keep-alive","date":"Tue, 15 Apr 2025 06:33:35 GMT","access-control-allow-origin":"https://weverse.io","access-control-allow-credentials":"true","vary":"Origin, Access-Control-Request-Method, Access-Control-Request-Headers","x-cache":"Error from cloudfront","via":"1.1 71c0a5aa52b78145bac18688d5131134.cloudfront.net (CloudFront)","x-amz-cf-pop":"CGK51-P4","x-amz-cf-id":"6HaofryhzJ83fSYzW_iRT0FiEJxlpMAE0d17qIbdwJj82NI8LJkdxg=="}
[2025-04-15 13:33:30] error: 	Auto-login failed
[2025-04-15 13:34:07] debug: 	WEVERSE_EMAIL loaded from .env: stokmlpipzstore01@gmail.com
[2025-04-15 13:34:07] info: 	Auto-login with email: stokmlpipzstore01@gmail.com
[2025-04-15 13:34:07] debug: 	Credentials from .env: stokmlpipzstore01@gmail.com, password length: 9
[2025-04-15 13:34:07] info: 	Attempting to login with email: stokmlpipzstore01@gmail.com
[2025-04-15 13:34:07] debug: 	Getting initialization data
[2025-04-15 13:34:08] error: 	Login failed: Request failed with status code 404
[2025-04-15 13:34:08] error: 	Error response: "Not Found"
[2025-04-15 13:34:08] error: 	Error response status: 404
[2025-04-15 13:34:08] error: 	Error response headers: {"content-length":"9","connection":"keep-alive","server":"CloudFront","date":"Tue, 15 Apr 2025 06:34:13 GMT","x-cache":"Miss from cloudfront","via":"1.1 46fb7f9862e31783499ec88dc6457342.cloudfront.net (CloudFront)","x-amz-cf-pop":"CGK51-P4","x-amz-cf-id":"EcO-b6Dmn6lP6buqeSh8ETe2UlNr5BQDGqmEhYQb-nQmVkMagdUYYQ=="}
[2025-04-15 13:34:08] error: 	Auto-login failed
[2025-04-15 13:35:53] debug: 	WEVERSE_EMAIL loaded from .env: stokmlpipzstore01@gmail.com
[2025-04-15 13:35:53] info: 	Using API token from environment variables
[2025-04-15 13:35:53] info: 	Using existing token from environment variables
[2025-04-15 13:36:10] debug: 	WEVERSE_EMAIL loaded from .env: stokmlpipzstore01@gmail.com
[2025-04-15 13:36:10] info: 	Using API token from environment variables
[2025-04-15 13:36:10] info: 	Using existing token from environment variables
[2025-04-15 13:36:10] info: 	Testing API connection...
[2025-04-15 13:36:10] info: 	Fetching communities...
[2025-04-15 13:36:10] info: 	Getting communities
[2025-04-15 13:36:10] debug: 	Request to /communities: {}
[2025-04-15 13:36:10] debug: 	Request headers: {"Accept":"application/json, text/plain, */*","Content-Type":"application/json","Authorization":"Bearer MkS3MvT9eqEXAMPLEsf29uXYZ","User-Agent":"Mozilla/5.0 (Windows NT 10.0; Win64; x64) AppleWebKit/537.36 (KHTML, like Gecko) Chrome/115.0.0.0 Safari/537.36","Accept-Language":"en-US,en;q=0.9","Origin":"https://weverse.io","Referer":"https://weverse.io/"}
[2025-04-15 13:36:11] debug: 	Response from /communities: 200
[2025-04-15 13:36:11] info: 	Found 0 communities
[2025-04-15 13:37:09] debug: 	WEVERSE_EMAIL loaded from .env: stokmlpipzstore01@gmail.com
[2025-04-15 13:37:09] info: 	Using API token from environment variables
[2025-04-15 13:37:09] info: 	Using existing token from environment variables
[2025-04-15 13:37:09] info: 	Testing API connection...
[2025-04-15 13:37:09] info: 	Fetching communities...
[2025-04-15 13:37:09] info: 	Getting communities
[2025-04-15 13:37:09] debug: 	Request to /v1/communities: {}
[2025-04-15 13:37:09] debug: 	Request headers: {"Accept":"application/json, text/plain, */*","Content-Type":"application/json","Authorization":"Bearer MkS3MvT9eqEXAMPLEsf29uXYZ","User-Agent":"Mozilla/5.0 (Windows NT 10.0; Win64; x64) AppleWebKit/537.36 (KHTML, like Gecko) Chrome/115.0.0.0 Safari/537.36","Accept-Language":"en-US,en;q=0.9","Origin":"https://weverse.io","Referer":"https://weverse.io/"}
[2025-04-15 13:37:10] debug: 	Response from /v1/communities: 200
[2025-04-15 13:37:10] info: 	Found 3131 communities
[2025-04-15 13:37:10] info: 	Fetching posts for community ID: undefined
[2025-04-15 13:37:10] info: 	Getting posts for community: undefined, page: 1, size: 20
[2025-04-15 13:37:10] debug: 	Request to /v1/community/undefined/posts: {}
[2025-04-15 13:37:10] debug: 	Request headers: {"Accept":"application/json, text/plain, */*","Content-Type":"application/json","Authorization":"Bearer MkS3MvT9eqEXAMPLEsf29uXYZ","User-Agent":"Mozilla/5.0 (Windows NT 10.0; Win64; x64) AppleWebKit/537.36 (KHTML, like Gecko) Chrome/115.0.0.0 Safari/537.36","Accept-Language":"en-US,en;q=0.9","Origin":"https://weverse.io","Referer":"https://weverse.io/"}
[2025-04-15 13:37:10] debug: 	Response from /v1/community/undefined/posts: 200
[2025-04-15 13:37:10] info: 	Found 3131 posts
[2025-04-15 13:38:02] info: 	Credentials found in environment variables
[2025-04-15 13:38:02] debug: 	WEVERSE_EMAIL loaded from .env: stokmlpipzstore01@gmail.com
[2025-04-15 13:38:02] info: 	Using API token from environment variables
[2025-04-15 13:38:02] info: 	Using existing token from environment variables
[2025-04-15 13:38:02] info: 	Swagger UI available at /api-docs
[2025-04-15 13:38:02] info: 	Server running on port 3001
[2025-04-15 13:38:02] info: 	Environment: development
[2025-04-15 13:38:02] info: 	API Documentation: http://localhost:3001/api-docs
[2025-04-15 13:38:02] info: 	Auto-login credentials found, attempting to log in
[2025-04-15 13:38:13] info: 	Credentials found in environment variables
[2025-04-15 13:38:13] debug: 	WEVERSE_EMAIL loaded from .env: stokmlpipzstore01@gmail.com
[2025-04-15 13:38:13] info: 	Using API token from environment variables
[2025-04-15 13:38:13] info: 	Using existing token from environment variables
[2025-04-15 13:38:13] info: 	Swagger UI available at /api-docs
[2025-04-15 13:38:13] info: 	Server running on port 3001
[2025-04-15 13:38:13] info: 	Environment: development
[2025-04-15 13:38:13] info: 	API Documentation: http://localhost:3001/api-docs
[2025-04-15 13:38:13] info: 	Auto-login credentials found, attempting to log in
[2025-04-15 13:38:29] debug: 	WEVERSE_EMAIL loaded from .env: stokmlpipzstore01@gmail.com
[2025-04-15 13:38:29] info: 	Using API token from environment variables
[2025-04-15 13:38:29] info: 	Using existing token from environment variables
[2025-04-15 13:38:29] info: 	Testing API connection...
[2025-04-15 13:38:29] info: 	Fetching communities...
[2025-04-15 13:38:29] info: 	Getting communities
[2025-04-15 13:38:29] debug: 	Request to /v1/communities: {}
[2025-04-15 13:38:29] debug: 	Request headers: {"Accept":"application/json, text/plain, */*","Content-Type":"application/json","Authorization":"Bearer MkS3MvT9eqEXAMPLEsf29uXYZ","User-Agent":"Mozilla/5.0 (Windows NT 10.0; Win64; x64) AppleWebKit/537.36 (KHTML, like Gecko) Chrome/115.0.0.0 Safari/537.36","Accept-Language":"en-US,en;q=0.9","Origin":"https://weverse.io","Referer":"https://weverse.io/"}
[2025-04-15 13:38:29] debug: 	Response from /v1/communities: 200
[2025-04-15 13:38:29] info: 	Found 3131 communities
[2025-04-15 13:38:29] info: 	Fetching posts for community ID: undefined
[2025-04-15 13:38:29] info: 	Getting posts for community: undefined, page: 1, size: 20
[2025-04-15 13:38:29] debug: 	Request to /v1/community/undefined/posts: {}
[2025-04-15 13:38:29] debug: 	Request headers: {"Accept":"application/json, text/plain, */*","Content-Type":"application/json","Authorization":"Bearer MkS3MvT9eqEXAMPLEsf29uXYZ","User-Agent":"Mozilla/5.0 (Windows NT 10.0; Win64; x64) AppleWebKit/537.36 (KHTML, like Gecko) Chrome/115.0.0.0 Safari/537.36","Accept-Language":"en-US,en;q=0.9","Origin":"https://weverse.io","Referer":"https://weverse.io/"}
[2025-04-15 13:38:30] debug: 	Response from /v1/community/undefined/posts: 200
[2025-04-15 13:38:30] info: 	Found 3131 posts
[2026-01-05 22:09:22] error: 	WEVERSE_EMAIL not found in environment variables
[2026-01-05 22:09:24] warn: 	No credentials found in environment variables, checking .env file
[2026-01-05 22:09:24] info: 	.env file does not exist at C:\Users\kezia\Downloads\Compressed\Aurabeam\OvO\weverse-api\.env
[2026-01-05 22:09:24] warn: 	WEVERSE_EMAIL or WEVERSE_PASSWORD not found. Authentication may fail.
[2026-01-05 22:09:24] error: 	WEVERSE_EMAIL not found in environment variables
[2026-01-05 22:09:24] debug: 	Trying to load .env from relative path
[2026-01-05 22:09:24] warn: 	Missing WEVERSE_EMAIL or WEVERSE_PASSWORD in environment
[2026-01-05 22:09:24] warn: 	No credentials found in .env file
[2026-01-05 22:09:24] debug: 	Environment variables available: ALLUSERSPROFILE, ANTIGRAVITY_CLI_ALIAS, APPDATA, CHROME_CRASHPAD_PIPE_NAME, COLOR, COLORTERM, CommonProgramFiles, CommonProgramFiles(x86), CommonProgramW6432, COMPUTERNAME, ComSpec, DriverData, EDITOR, EFC_12140_1262719628, EFC_12140_1592913036, EFC_12140_2283032206, EFC_12140_2775293581, EFC_12140_3789132940, FPS_BROWSER_APP_PROFILE_STRING, FPS_BROWSER_USER_PROFILE_STRING, GIT_ASKPASS, HOME, HOMEDRIVE, HOMEPATH, INIT_CWD, JEST_WORKER_ID, LANG, LOCALAPPDATA, LOGONSERVER, NODE, NODE_ENV, npm_command, npm_config_cache, npm_config_globalconfig, npm_config_global_prefix, npm_config_init_module, npm_config_local_prefix, npm_config_node_gyp, npm_config_noproxy, npm_config_npm_version, npm_config_prefix, npm_config_userconfig, npm_config_user_agent, npm_execpath, npm_lifecycle_event, npm_lifecycle_script, npm_node_execpath, npm_package_json, npm_package_name, npm_package_version, NUMBER_OF_PROCESSORS, OneDrive, OneDriveConsumer, ORIGINAL_XDG_CURRENT_DESKTOP, OS, Path, PATHEXT, PROCESSOR_ARCHITECTURE, PROCESSOR_IDENTIFIER, PROCESSOR_LEVEL, PROCESSOR_REVISION, ProgramData, ProgramFiles, ProgramFiles(x86), ProgramW6432, PROMPT, PSModulePath, PUBLIC, SESSIONNAME, SystemDrive, SystemRoot, TEMP, TERM_PROGRAM, TERM_PROGRAM_VERSION, TMP, USERDOMAIN, USERDOMAIN_ROAMINGPROFILE, USERNAME, USERPROFILE, VSCODE_GIT_ASKPASS_EXTRA_ARGS, VSCODE_GIT_ASKPASS_MAIN, VSCODE_GIT_ASKPASS_NODE, VSCODE_GIT_IPC_HANDLE, VSCODE_INJECTION, VSCODE_PYTHON_AUTOACTIVATE_GUARD, windir, ZES_ENABLE_SYSMAN
[2026-01-05 22:09:24] info: 	Swagger UI available at /api-docs
[2026-01-05 22:11:01] info: 	Credentials found in environment variables
[2026-01-05 22:11:01] debug: 	WEVERSE_EMAIL loaded from .env: stokmlpipzstore01@gmail.com
[2026-01-05 22:11:01] info: 	Using API token from environment variables
[2026-01-05 22:11:01] info: 	Using existing token from environment variables
[2026-01-05 22:11:01] info: 	Swagger UI available at /api-docs
[2026-01-05 22:11:02] debug: 	WEVERSE_EMAIL loaded from .env: stokmlpipzstore01@gmail.com
[2026-01-05 22:11:16] info: 	Credentials found in environment variables
[2026-01-05 22:11:16] debug: 	WEVERSE_EMAIL loaded from .env: stokmlpipzstore01@gmail.com
[2026-01-05 22:11:16] info: 	Using API token from environment variables
[2026-01-05 22:11:16] info: 	Using existing token from environment variables
[2026-01-05 22:11:16] info: 	Swagger UI available at /api-docs
[2026-01-05 22:11:17] debug: 	WEVERSE_EMAIL loaded from .env: stokmlpipzstore01@gmail.com
[2026-01-05 22:12:01] info: 	Credentials found in environment variables
[2026-01-05 22:12:01] debug: 	WEVERSE_EMAIL loaded from .env: stokmlpipzstore01@gmail.com
[2026-01-05 22:12:01] info: 	Using API token from environment variables
[2026-01-05 22:12:01] info: 	Using existing token from environment variables
[2026-01-05 22:12:01] info: 	Swagger UI available at /api-docs
[2026-01-05 22:12:02] debug: 	WEVERSE_EMAIL loaded from .env: stokmlpipzstore01@gmail.com
[2026-01-05 22:12:02] info: 	Using API token from environment variables
[2026-01-05 22:12:02] info: 	Using existing token from environment variables
[2026-01-05 22:12:02] info: 	Getting communities
[2026-01-05 22:12:02] info: 	Getting communities
[2026-01-05 22:12:02] error: 	Failed to get communities: Network Error
[2026-01-05 22:12:02] info: 	Getting posts for community: 12345, page: 1, size: 20
[2026-01-05 22:12:02] info: 	Getting posts for community: 12345, page: 2, size: 50
[2026-01-05 22:12:09] info: 	Credentials found in environment variables
[2026-01-05 22:12:09] debug: 	WEVERSE_EMAIL loaded from .env: stokmlpipzstore01@gmail.com
[2026-01-05 22:12:09] info: 	Using API token from environment variables
[2026-01-05 22:12:09] info: 	Using existing token from environment variables
[2026-01-05 22:12:09] info: 	Swagger UI available at /api-docs
[2026-01-05 22:12:09] debug: 	WEVERSE_EMAIL loaded from .env: stokmlpipzstore01@gmail.com
[2026-01-05 22:12:09] info: 	Using API token from environment variables
[2026-01-05 22:12:09] info: 	Using existing token from environment variables
[2026-01-05 22:12:09] info: 	Getting communities
[2026-01-05 22:12:09] info: 	Getting communities
[2026-01-05 22:12:09] error: 	Failed to get communities: Network Error
[2026-01-05 22:12:09] info: 	Getting posts for community: 12345, page: 1, size: 20
[2026-01-05 22:12:09] info: 	Getting posts for community: 12345, page: 2, size: 50
[2026-01-05 22:20:57] info: 	Credentials found in environment variables
[2026-01-05 22:20:57] debug: 	WEVERSE_EMAIL loaded from .env: stokmlpipzstore01@gmail.com
[2026-01-05 22:20:57] info: 	Using API token from environment variables
[2026-01-05 22:20:57] info: 	Using existing token from environment variables
[2026-01-05 22:20:57] info: 	Swagger UI available at /api-docs
[2026-01-05 22:20:57] debug: 	WEVERSE_EMAIL loaded from .env: stokmlpipzstore01@gmail.com
[2026-01-05 22:20:57] info: 	Using API token from environment variables
[2026-01-05 22:20:57] info: 	Using existing token from environment variables
[2026-01-05 22:20:57] info: 	Getting communities
[2026-01-05 22:20:57] info: 	Getting communities
[2026-01-05 22:20:57] error: 	Failed to get communities: Network Error
[2026-01-05 22:20:57] info: 	Getting posts for community: 12345, page: 1, size: 20
[2026-01-05 22:20:57] info: 	Getting posts for community: 12345, page: 2, size: 50
[2026-01-05 22:23:15] info: 	Credentials found in environment variables
[2026-01-05 22:23:15] debug: 	WEVERSE_EMAIL loaded from .env: stokmlpipzstore01@gmail.com
[2026-01-05 22:23:15] info: 	Using API token from environment variables
[2026-01-05 22:23:15] info: 	Using existing token from environment variables
[2026-01-05 22:23:15] info: 	Swagger UI available at /api-docs
[2026-01-05 22:23:15] info: 	Server running on port 3001
[2026-01-05 22:23:15] info: 	Environment: development
[2026-01-05 22:23:15] info: 	API Documentation: http://localhost:3001/api-docs
[2026-01-05 22:23:15] info: 	Auto-login credentials found, attempting to log in
[2026-01-05 22:23:24] info: 	GET /api-docs
[2026-01-05 22:23:24] info: 	GET / 301 - 4ms
[2026-01-05 22:23:24] info: 	GET /api-docs/
[2026-01-05 22:23:24] info: 	GET / 200 - 2ms
[2026-01-05 22:23:24] info: 	GET /api-docs/swagger-ui.css
[2026-01-05 22:23:24] info: 	GET /api-docs/swagger-ui-bundle.js
[2026-01-05 22:23:24] info: 	GET /api-docs/swagger-ui-init.js
[2026-01-05 22:23:24] info: 	GET /swagger-ui-init.js 200 - 0ms
[2026-01-05 22:23:24] info: 	GET /api-docs/swagger-ui-standalone-preset.js
[2026-01-05 22:23:24] info: 	GET /swagger-ui.css 200 - 10ms
[2026-01-05 22:23:24] info: 	GET /swagger-ui-standalone-preset.js 200 - 9ms
[2026-01-05 22:23:24] info: 	GET /swagger-ui-bundle.js 200 - 19ms
[2026-01-05 22:23:25] info: 	GET /api-docs/favicon-16x16.png
[2026-01-05 22:23:25] info: 	GET /favicon-16x16.png 200 - 2ms
[2026-01-05 22:23:56] info: 	GET /favicon.ico
[2026-01-05 22:23:56] warn: 	Not found: GET /favicon.ico
[2026-01-05 22:23:56] info: 	GET /favicon.ico 404 - 1ms
[2026-01-05 22:24:24] info: 	Credentials found in environment variables
[2026-01-05 22:24:25] debug: 	WEVERSE_EMAIL loaded from .env: stokmlpipzstore01@gmail.com
[2026-01-05 22:24:25] info: 	Using API token from environment variables
[2026-01-05 22:24:25] info: 	Using existing token from environment variables
[2026-01-05 22:24:25] info: 	Swagger UI available at /api-docs
[2026-01-05 22:24:25] info: 	Server running on port 3001
[2026-01-05 22:24:25] info: 	Environment: development
[2026-01-05 22:24:25] info: 	API Documentation: http://localhost:3001/api-docs
[2026-01-05 22:24:25] info: 	Auto-login credentials found, attempting to log in
[2026-01-05 22:24:28] info: 	GET /api-docs/
[2026-01-05 22:24:28] info: 	GET / 304 - 4ms
[2026-01-05 22:24:28] info: 	GET /api-docs/swagger-ui.css
[2026-01-05 22:24:28] info: 	GET /swagger-ui.css 304 - 2ms
[2026-01-05 22:24:28] info: 	GET /api-docs/swagger-ui-standalone-preset.js
[2026-01-05 22:24:28] info: 	GET /swagger-ui-standalone-preset.js 304 - 1ms
[2026-01-05 22:24:28] info: 	GET /api-docs/swagger-ui-init.js
[2026-01-05 22:24:28] info: 	GET /swagger-ui-init.js 304 - 1ms
[2026-01-05 22:24:28] info: 	GET /api-docs/swagger-ui-bundle.js
[2026-01-05 22:24:28] info: 	GET /swagger-ui-bundle.js 304 - 1ms
[2026-01-05 22:27:15] info: 	GET /api-docs/
[2026-01-05 22:27:15] info: 	GET / 304 - 2ms
[2026-01-05 22:27:15] info: 	GET /api-docs/swagger-ui.css
[2026-01-05 22:27:15] info: 	GET /swagger-ui.css 304 - 2ms
[2026-01-05 22:27:15] info: 	GET /api-docs/swagger-ui-init.js
[2026-01-05 22:27:15] info: 	GET /swagger-ui-init.js 304 - 0ms
[2026-01-05 22:27:15] info: 	GET /api-docs/swagger-ui-bundle.js
[2026-01-05 22:27:15] info: 	GET /api-docs/swagger-ui-standalone-preset.js
[2026-01-05 22:27:15] info: 	GET /swagger-ui-bundle.js 304 - 3ms
[2026-01-05 22:27:15] info: 	GET /swagger-ui-standalone-preset.js 304 - 2ms
[2026-01-05 22:27:19] info: 	GET /
[2026-01-05 22:27:19] info: 	GET / 200 - 1ms
[2026-01-05 22:27:19] info: 	GET /favicon.ico
[2026-01-05 22:27:19] warn: 	Not found: GET /favicon.ico
[2026-01-05 22:27:19] info: 	GET /favicon.ico 404 - 1ms
[2026-01-05 22:27:23] info: 	GET /
[2026-01-05 22:27:23] info: 	GET / 304 - 1ms
[2026-01-05 22:27:23] info: 	GET /favicon.ico
[2026-01-05 22:27:23] warn: 	Not found: GET /favicon.ico
[2026-01-05 22:27:23] info: 	GET /favicon.ico 404 - 1ms
[2026-01-05 22:27:24] info: 	GET /api-docs/favicon-32x32.png
[2026-01-05 22:27:24] info: 	GET /favicon-32x32.png 200 - 3ms
[2026-01-05 22:27:24] info: 	GET /api-docs/
[2026-01-05 22:27:24] info: 	GET / 304 - 0ms
[2026-01-05 22:27:24] info: 	GET /api-docs/swagger-ui.css
[2026-01-05 22:27:24] info: 	GET /swagger-ui.css 304 - 1ms
[2026-01-05 22:27:24] info: 	GET /api-docs/swagger-ui-init.js
[2026-01-05 22:27:24] info: 	GET /swagger-ui-init.js 304 - 1ms
[2026-01-05 22:27:24] info: 	GET /api-docs/swagger-ui-bundle.js
[2026-01-05 22:27:24] info: 	GET /api-docs/swagger-ui-standalone-preset.js
[2026-01-05 22:27:24] info: 	GET /swagger-ui-bundle.js 304 - 1ms
[2026-01-05 22:27:24] info: 	GET /swagger-ui-standalone-preset.js 304 - 1ms
[2026-01-05 22:27:48] info: 	Credentials found in environment variables
[2026-01-05 22:27:48] debug: 	WEVERSE_EMAIL loaded from .env: stokmlpipzstore01@gmail.com
[2026-01-05 22:27:48] info: 	Using API token from environment variables
[2026-01-05 22:27:48] info: 	Using existing token from environment variables
[2026-01-05 22:27:48] info: 	Swagger UI available at /api-docs
[2026-01-05 22:27:49] debug: 	WEVERSE_EMAIL loaded from .env: stokmlpipzstore01@gmail.com
[2026-01-05 22:27:49] info: 	Using API token from environment variables
[2026-01-05 22:27:49] info: 	Using existing token from environment variables
[2026-01-05 22:27:49] info: 	Getting communities
[2026-01-05 22:27:49] info: 	Getting communities
[2026-01-05 22:27:49] error: 	Failed to get communities: Network Error
[2026-01-05 22:27:49] info: 	Getting posts for community: 12345, page: 1, size: 20
[2026-01-05 22:27:49] info: 	Getting posts for community: 12345, page: 2, size: 50
[2026-01-05 22:27:49] info: 	Getting comments for post: post-123, page: 1, size: 20
[2026-01-05 22:27:57] info: 	Credentials found in environment variables
[2026-01-05 22:27:58] debug: 	WEVERSE_EMAIL loaded from .env: stokmlpipzstore01@gmail.com
[2026-01-05 22:27:58] info: 	Using API token from environment variables
[2026-01-05 22:27:58] info: 	Using existing token from environment variables
[2026-01-05 22:27:58] info: 	Swagger UI available at /api-docs
[2026-01-05 22:27:58] debug: 	WEVERSE_EMAIL loaded from .env: stokmlpipzstore01@gmail.com
[2026-01-05 22:27:58] info: 	Using API token from environment variables
[2026-01-05 22:27:58] info: 	Using existing token from environment variables
[2026-01-05 22:27:58] info: 	Getting communities
[2026-01-05 22:27:58] info: 	Getting communities
[2026-01-05 22:27:58] error: 	Failed to get communities: Network Error
[2026-01-05 22:27:58] info: 	Getting posts for community: 12345, page: 1, size: 20
[2026-01-05 22:27:58] info: 	Getting posts for community: 12345, page: 2, size: 50
[2026-01-05 22:27:58] info: 	Getting comments for post: post-123, page: 1, size: 20
[2026-01-05 22:28:02] info: 	Credentials found in environment variables
[2026-01-05 22:28:02] debug: 	WEVERSE_EMAIL loaded from .env: stokmlpipzstore01@gmail.com
[2026-01-05 22:28:02] info: 	Using API token from environment variables
[2026-01-05 22:28:02] info: 	Using existing token from environment variables
[2026-01-05 22:28:03] info: 	Swagger UI available at /api-docs
[2026-01-05 22:28:03] info: 	Server running on port 3001
[2026-01-05 22:28:03] info: 	Environment: development
[2026-01-05 22:28:03] info: 	API Documentation: http://localhost:3001/api-docs
[2026-01-05 22:28:03] info: 	Auto-login credentials found, attempting to log in
[2026-01-05 22:28:05] info: 	GET /api-docs/
[2026-01-05 22:28:05] info: 	GET / 304 - 4ms
[2026-01-05 22:28:06] info: 	GET /api-docs/swagger-ui.css
[2026-01-05 22:28:06] info: 	GET /swagger-ui.css 304 - 1ms
[2026-01-05 22:28:06] info: 	GET /api-docs/swagger-ui-bundle.js
[2026-01-05 22:28:06] info: 	GET /swagger-ui-bundle.js 304 - 1ms
[2026-01-05 22:28:06] info: 	GET /api-docs/swagger-ui-standalone-preset.js
[2026-01-05 22:28:06] info: 	GET /api-docs/swagger-ui-init.js
[2026-01-05 22:28:06] info: 	GET /swagger-ui-init.js 304 - 1ms
[2026-01-05 22:28:06] info: 	GET /swagger-ui-standalone-preset.js 304 - 3ms
[2026-01-05 22:28:41] info: 	Credentials found in environment variables
[2026-01-05 22:28:41] debug: 	WEVERSE_EMAIL loaded from .env: stokmlpipzstore01@gmail.com
[2026-01-05 22:28:41] info: 	Using API token from environment variables
[2026-01-05 22:28:41] info: 	Using existing token from environment variables
[2026-01-05 22:28:41] info: 	Swagger UI available at /api-docs
[2026-01-05 22:28:42] debug: 	WEVERSE_EMAIL loaded from .env: stokmlpipzstore01@gmail.com
[2026-01-05 22:28:42] info: 	Using API token from environment variables
[2026-01-05 22:28:42] info: 	Using existing token from environment variables
[2026-01-05 22:28:42] info: 	Getting communities
[2026-01-05 22:28:42] info: 	Getting communities
[2026-01-05 22:28:42] error: 	Failed to get communities: Network Error
[2026-01-05 22:28:42] info: 	Getting posts for community: 12345, page: 1, size: 20
[2026-01-05 22:28:42] info: 	Getting posts for community: 12345, page: 2, size: 50
[2026-01-05 22:28:42] info: 	Getting comments for post: post-123, page: 1, size: 20
[2026-01-05 22:31:18] info: 	GET /api-docs/
[2026-01-05 22:31:18] info: 	GET / 200 - 3ms
[2026-01-05 22:31:18] info: 	GET /api-docs/swagger-ui.css
[2026-01-05 22:31:18] info: 	GET /swagger-ui.css 200 - 5ms
[2026-01-05 22:31:18] info: 	GET /api-docs/swagger-ui-standalone-preset.js
[2026-01-05 22:31:18] info: 	GET /swagger-ui-standalone-preset.js 304 - 1ms
[2026-01-05 22:31:18] info: 	GET /api-docs/swagger-ui-init.js
[2026-01-05 22:31:18] info: 	GET /swagger-ui-init.js 304 - 1ms
[2026-01-05 22:31:18] info: 	GET /api-docs/swagger-ui-bundle.js
[2026-01-05 22:31:18] info: 	GET /swagger-ui-bundle.js 304 - 1ms
[2026-01-05 22:31:18] info: 	GET /api-docs/favicon-32x32.png
[2026-01-05 22:31:22] info: 	Credentials found in environment variables
[2026-01-05 22:31:22] debug: 	WEVERSE_EMAIL loaded from .env: stokmlpipzstore01@gmail.com
[2026-01-05 22:31:22] info: 	Using API token from environment variables
[2026-01-05 22:31:22] info: 	Using existing token from environment variables
[2026-01-05 22:31:22] info: 	Swagger UI available at /api-docs
[2026-01-05 22:31:22] info: 	Server running on port 3001
[2026-01-05 22:31:22] info: 	Environment: development
[2026-01-05 22:31:22] info: 	API Documentation: http://localhost:3001/api-docs
[2026-01-05 22:31:22] info: 	Auto-login credentials found, attempting to log in
[2026-01-05 22:31:25] info: 	GET /api-docs/
[2026-01-05 22:31:25] info: 	GET / 304 - 5ms
[2026-01-05 22:31:25] info: 	GET /api-docs/swagger-ui.css
[2026-01-05 22:31:25] info: 	GET /swagger-ui.css 304 - 2ms
[2026-01-05 22:31:25] info: 	GET /api-docs/swagger-ui-standalone-preset.js
[2026-01-05 22:31:25] info: 	GET /swagger-ui-standalone-preset.js 304 - 1ms
[2026-01-05 22:31:25] info: 	GET /api-docs/swagger-ui-bundle.js
[2026-01-05 22:31:25] info: 	GET /api-docs/swagger-ui-init.js
[2026-01-05 22:31:25] info: 	GET /swagger-ui-init.js 200 - 1ms
[2026-01-05 22:31:25] info: 	GET /swagger-ui-bundle.js 304 - 4ms
[2026-01-05 22:34:47] info: 	Credentials found in environment variables
[2026-01-05 22:34:47] debug: 	WEVERSE_EMAIL loaded from .env: stokmlpipzstore01@gmail.com
[2026-01-05 22:34:47] info: 	Using API token from environment variables
[2026-01-05 22:34:47] info: 	Using existing token from environment variables
[2026-01-05 22:34:47] info: 	Swagger UI available at /api-docs
[2026-01-05 22:34:49] debug: 	WEVERSE_EMAIL loaded from .env: stokmlpipzstore01@gmail.com
[2026-01-05 22:34:49] info: 	Using API token from environment variables
[2026-01-05 22:34:49] info: 	Using existing token from environment variables
[2026-01-05 22:34:49] info: 	Getting communities
[2026-01-05 22:34:49] info: 	Getting communities
[2026-01-05 22:34:49] error: 	Failed to get communities: Network Error
[2026-01-05 22:34:49] info: 	Getting posts for community: 12345, page: 1, size: 20
[2026-01-05 22:34:49] info: 	Getting posts for community: 12345, page: 2, size: 50
[2026-01-05 22:34:49] info: 	Getting comments for post: post-123, page: 1, size: 20
[2026-01-05 22:35:00] info: 	Credentials found in environment variables
[2026-01-05 22:35:00] debug: 	WEVERSE_EMAIL loaded from .env: stokmlpipzstore01@gmail.com
[2026-01-05 22:35:00] info: 	Using API token from environment variables
[2026-01-05 22:35:00] info: 	Using existing token from environment variables
[2026-01-05 22:35:00] info: 	Swagger UI available at /api-docs
[2026-01-05 22:35:00] info: 	Server running on port 3001
[2026-01-05 22:35:00] info: 	Environment: development
[2026-01-05 22:35:00] info: 	API Documentation: http://localhost:3001/api-docs
[2026-01-05 22:35:00] info: 	Auto-login credentials found, attempting to log in
[2026-01-05 22:35:21] info: 	GET /api-docs
[2026-01-05 22:35:21] info: 	GET / 301 - 4ms
[2026-01-05 22:35:21] info: 	GET /api-docs/
[2026-01-05 22:35:21] info: 	GET / 304 - 3ms
[2026-01-05 22:35:22] info: 	GET /api-docs/swagger-ui.css
[2026-01-05 22:35:22] info: 	GET /api-docs/swagger-ui-standalone-preset.js
[2026-01-05 22:35:22] info: 	GET /swagger-ui.css 304 - 2ms
[2026-01-05 22:35:22] info: 	GET /swagger-ui-standalone-preset.js 304 - 2ms
[2026-01-05 22:35:22] info: 	GET /api-docs/swagger-ui-bundle.js
[2026-01-05 22:35:22] info: 	GET /api-docs/swagger-ui-init.js
[2026-01-05 22:35:22] info: 	GET /swagger-ui-init.js 304 - 1ms
[2026-01-05 22:35:22] info: 	GET /swagger-ui-bundle.js 304 - 3ms
[2026-01-05 22:35:22] info: 	GET /api-docs/favicon-32x32.png
[2026-01-05 22:35:47] info: 	GET /api-docs/
[2026-01-05 22:35:47] info: 	GET / 304 - 1ms
[2026-01-05 22:35:47] info: 	GET /api-docs/swagger-ui.css
[2026-01-05 22:35:47] info: 	GET /swagger-ui.css 304 - 1ms
[2026-01-05 22:35:47] info: 	GET /api-docs/swagger-ui-bundle.js
[2026-01-05 22:35:47] info: 	GET /api-docs/swagger-ui-standalone-preset.js
[2026-01-05 22:35:47] info: 	GET /swagger-ui-bundle.js 304 - 2ms
[2026-01-05 22:35:47] info: 	GET /swagger-ui-standalone-preset.js 304 - 2ms
[2026-01-05 22:35:47] info: 	GET /api-docs/swagger-ui-init.js
[2026-01-05 22:35:47] info: 	GET /swagger-ui-init.js 304 - 1ms
[2026-01-05 22:36:03] info: 	Credentials found in environment variables
[2026-01-05 22:36:04] debug: 	WEVERSE_EMAIL loaded from .env: stokmlpipzstore01@gmail.com
[2026-01-05 22:36:04] info: 	Using API token from environment variables
[2026-01-05 22:36:04] info: 	Using existing token from environment variables
[2026-01-05 22:36:04] info: 	Swagger UI available at /api-docs
[2026-01-05 22:36:55] info: 	Credentials found in environment variables
[2026-01-05 22:36:55] debug: 	WEVERSE_EMAIL loaded from .env: stokmlpipzstore01@gmail.com
[2026-01-05 22:36:55] info: 	Using API token from environment variables
[2026-01-05 22:36:55] info: 	Using existing token from environment variables
[2026-01-05 22:36:55] info: 	Swagger UI available at /api-docs
[2026-01-05 22:36:57] debug: 	WEVERSE_EMAIL loaded from .env: stokmlpipzstore01@gmail.com
[2026-01-05 22:36:57] info: 	Using API token from environment variables
[2026-01-05 22:36:57] info: 	Using existing token from environment variables
[2026-01-05 22:36:57] info: 	Getting communities
[2026-01-05 22:36:57] info: 	Getting communities
[2026-01-05 22:36:57] error: 	Failed to get communities: Network Error
[2026-01-05 22:36:57] info: 	Getting post details: post-1
[2026-01-05 22:36:57] info: 	Getting posts for community: 12345, page: 1, size: 20, type: all
[2026-01-05 22:36:57] info: 	Getting posts for community: 123, page: 1, size: 20, type: artist
[2026-01-05 22:36:57] info: 	Getting posts for community: 12345, page: 2, size: 50, type: all
[2026-01-05 22:36:57] info: 	Getting comments for post: post-123, page: 1, size: 20
[2026-01-05 22:36:59] info: 	Credentials found in environment variables
[2026-01-05 22:36:59] debug: 	WEVERSE_EMAIL loaded from .env: stokmlpipzstore01@gmail.com
[2026-01-05 22:36:59] info: 	Using API token from environment variables
[2026-01-05 22:36:59] info: 	Using existing token from environment variables
[2026-01-05 22:36:59] info: 	Swagger UI available at /api-docs
[2026-01-05 22:36:59] info: 	Server running on port 3001
[2026-01-05 22:36:59] info: 	Environment: development
[2026-01-05 22:36:59] info: 	API Documentation: http://localhost:3001/api-docs
[2026-01-05 22:36:59] info: 	Auto-login credentials found, attempting to log in
[2026-01-05 22:37:09] info: 	GET /api-docs/
[2026-01-05 22:37:09] info: 	GET / 304 - 5ms
[2026-01-05 22:37:09] info: 	GET /api-docs/swagger-ui.css
[2026-01-05 22:37:09] info: 	GET /swagger-ui.css 304 - 1ms
[2026-01-05 22:37:09] info: 	GET /api-docs/swagger-ui-standalone-preset.js
[2026-01-05 22:37:09] info: 	GET /api-docs/swagger-ui-init.js
[2026-01-05 22:37:09] info: 	GET /swagger-ui-init.js 304 - 0ms
[2026-01-05 22:37:09] info: 	GET /swagger-ui-standalone-preset.js 304 - 2ms
[2026-01-05 22:37:09] info: 	GET /api-docs/swagger-ui-bundle.js
[2026-01-05 22:37:09] info: 	GET /swagger-ui-bundle.js 304 - 2ms
[2026-01-05 22:37:09] info: 	GET /api-docs/favicon-32x32.png
[2026-01-05 22:38:47] info: 	Credentials found in environment variables
[2026-01-05 22:38:47] debug: 	WEVERSE_EMAIL loaded from .env: stokmlpipzstore01@gmail.com
[2026-01-05 22:38:47] info: 	Using API token from environment variables
[2026-01-05 22:38:47] info: 	Using existing token from environment variables
[2026-01-05 22:38:47] info: 	Swagger UI available at /api-docs
[2026-01-05 22:38:49] debug: 	WEVERSE_EMAIL loaded from .env: stokmlpipzstore01@gmail.com
[2026-01-05 22:38:49] info: 	Using API token from environment variables
[2026-01-05 22:38:49] info: 	Using existing token from environment variables
[2026-01-05 22:38:49] info: 	Getting communities
[2026-01-05 22:38:49] info: 	Getting communities
[2026-01-05 22:38:49] error: 	Failed to get communities: Network Error
[2026-01-05 22:38:49] info: 	Getting post details: post-1
[2026-01-05 22:38:49] info: 	Getting posts for community: 12345, page: 1, size: 20, type: all
[2026-01-05 22:38:49] info: 	Getting posts for community: 123, page: 1, size: 20, type: artist
[2026-01-05 22:38:49] info: 	Getting posts for community: 12345, page: 2, size: 50, type: all
[2026-01-05 22:38:49] info: 	Getting comments for post: post-123, page: 1, size: 20
[2026-01-05 22:38:56] info: 	Credentials found in environment variables
[2026-01-05 22:38:56] debug: 	WEVERSE_EMAIL loaded from .env: stokmlpipzstore01@gmail.com
[2026-01-05 22:38:56] info: 	Using API token from environment variables
[2026-01-05 22:38:56] info: 	Using existing token from environment variables
[2026-01-05 22:38:56] info: 	Swagger UI available at /api-docs
[2026-01-05 22:38:58] debug: 	WEVERSE_EMAIL loaded from .env: stokmlpipzstore01@gmail.com
[2026-01-05 22:38:58] info: 	Using API token from environment variables
[2026-01-05 22:38:58] info: 	Using existing token from environment variables
[2026-01-05 22:38:58] info: 	Getting communities
[2026-01-05 22:38:58] info: 	Getting communities
[2026-01-05 22:38:58] error: 	Failed to get communities: Network Error
[2026-01-05 22:38:58] info: 	Getting post details: post-1
[2026-01-05 22:38:58] info: 	Getting posts for community: 12345, page: 1, size: 20, type: all
[2026-01-05 22:38:58] info: 	Getting posts for community: 123, page: 1, size: 20, type: artist
[2026-01-05 22:38:58] info: 	Getting posts for community: 12345, page: 2, size: 50, type: all
[2026-01-05 22:38:58] info: 	Getting comments for post: post-123, page: 1, size: 20
[2026-01-05 22:44:06] info: 	Credentials found in environment variables
[2026-01-05 22:44:06] debug: 	WEVERSE_EMAIL loaded from .env: amelandini200@gmail.com
[2026-01-05 22:44:06] info: 	Using API token from environment variables
[2026-01-05 22:44:06] info: 	Using existing token from environment variables
[2026-01-05 22:44:06] info: 	Swagger UI available at /api-docs
[2026-01-05 22:44:06] info: 	Server running on port 3001
[2026-01-05 22:44:06] info: 	Environment: development
[2026-01-05 22:44:06] info: 	API Documentation: http://localhost:3001/api-docs
[2026-01-05 22:44:06] info: 	Auto-login credentials found, attempting to log in
[2026-01-05 22:44:09] info: 	GET /api-docs/
[2026-01-05 22:44:09] info: 	GET / 304 - 5ms
[2026-01-05 22:44:09] info: 	GET /api-docs/swagger-ui.css
[2026-01-05 22:44:09] info: 	GET /swagger-ui.css 304 - 2ms
[2026-01-05 22:44:09] info: 	GET /api-docs/swagger-ui-standalone-preset.js
[2026-01-05 22:44:09] info: 	GET /api-docs/swagger-ui-init.js
[2026-01-05 22:44:09] info: 	GET /swagger-ui-init.js 304 - 0ms
[2026-01-05 22:44:09] info: 	GET /swagger-ui-standalone-preset.js 304 - 2ms
[2026-01-05 22:44:09] info: 	GET /api-docs/swagger-ui-bundle.js
[2026-01-05 22:44:09] info: 	GET /swagger-ui-bundle.js 304 - 1ms
